<?xml version="1.0" encoding="UTF-8"?>
<testng-results ignored="0" total="1" passed="1" failed="0" skipped="0">
  <reporter-output>
  </reporter-output>
  <suite started-at="2023-11-30T22:52:50 IST" name="Default suite" finished-at="2023-11-30T22:52:57 IST" duration-ms="6926">
    <groups>
    </groups>
    <test started-at="2023-11-30T22:52:50 IST" name="Default test" finished-at="2023-11-30T22:52:57 IST" duration-ms="6926">
      <class name="tests.LoginTest">
        <test-method is-config="true" signature="open_browser()[pri:0, instance:tests.LoginTest@795509d9]" started-at="2023-11-30T22:52:50 IST" name="open_browser" finished-at="2023-11-30T22:52:55 IST" duration-ms="5257" status="PASS">
          <reporter-output>
          </reporter-output>
        </test-method> <!-- open_browser -->
        <test-method signature="test_Login_Page()[pri:0, instance:tests.LoginTest@795509d9]" started-at="2023-11-30T22:52:56 IST" name="test_Login_Page" finished-at="2023-11-30T22:52:57 IST" duration-ms="1615" status="PASS">
          <reporter-output>
          </reporter-output>
        </test-method> <!-- test_Login_Page -->
      </class> <!-- tests.LoginTest -->
    </test> <!-- Default test -->
  </suite> <!-- Default suite -->
</testng-results>
